# JRE version: OpenJDK Runtime Environment Temurin-17.0.11+9 (17.0.11+9) (build 17.0.11+9)
# Java VM: OpenJDK 64-Bit Server VM Temurin-17.0.11+9 (17.0.11+9, mixed mode, tiered, compressed oops, compressed class ptrs, g1 gc, windows-amd64)
GC Precious Log:
 CPUs: 4 total, 4 available
 Memory: 3907M
 Large Page Support: Disabled
 NUMA Support: Disabled
 Compressed Oops: Enabled (32-bit)
 Heap Region Size: 1M
 Heap Min Capacity: 8M
 Heap Initial Capacity: 62M
 Heap Max Capacity: 978M
 Pre-touch: Disabled
 Parallel Workers: 4
 Concurrent Workers: 1
 Concurrent Refinement Workers: 4
 Periodic GC: Disabled
Heap:
 garbage-first heap   total 63488K, used 38071K [0x00000000c2e00000, 0x0000000100000000)
  region size 1024K, 22 young (22528K), 2 survivors (2048K)
 Metaspace       used 24790K, committed 25088K, reserved 1114112K
  class space    used 3122K, committed 3264K, reserved 1048576K
GC Heap History (12 events):
Event: 10.653 GC heap before
{Heap before GC invocations=0 (full 0):
 garbage-first heap   total 63488K, used 12288K [0x00000000c2e00000, 0x0000000100000000)
  region size 1024K, 13 young (13312K), 0 survivors (0K)
 Metaspace       used 12688K, committed 12864K, reserved 1114112K
  class space    used 1332K, committed 1408K, reserved 1048576K
}
Event: 10.697 GC heap after
{Heap after GC invocations=1 (full 0):
 garbage-first heap   total 63488K, used 3653K [0x00000000c2e00000, 0x0000000100000000)
  region size 1024K, 2 young (2048K), 2 survivors (2048K)
 Metaspace       used 12688K, committed 12864K, reserved 1114112K
  class space    used 1332K, committed 1408K, reserved 1048576K
}
Event: 31.482 GC heap before
{Heap before GC invocations=1 (full 0):
 garbage-first heap   total 63488K, used 17989K [0x00000000c2e00000, 0x0000000100000000)
  region size 1024K, 13 young (13312K), 2 survivors (2048K)
 Metaspace       used 14381K, committed 14528K, reserved 1114112K
  class space    used 1577K, committed 1664K, reserved 1048576K
}
Event: 31.491 GC heap after
{Heap after GC invocations=2 (full 0):
 garbage-first heap   total 63488K, used 13009K [0x00000000c2e00000, 0x0000000100000000)
  region size 1024K, 2 young (2048K), 2 survivors (2048K)
 Metaspace       used 14381K, committed 14528K, reserved 1114112K
  class space    used 1577K, committed 1664K, reserved 1048576K
}
Event: 32.564 GC heap before
{Heap before GC invocations=2 (full 0):
 garbage-first heap   total 63488K, used 30417K [0x00000000c2e00000, 0x0000000100000000)
  region size 1024K, 20 young (20480K), 2 survivors (2048K)
 Metaspace       used 16432K, committed 16640K, reserved 1114112K
  class space    used 1899K, committed 2048K, reserved 1048576K
}
Event: 32.569 GC heap after
{Heap after GC invocations=3 (full 0):
 garbage-first heap   total 63488K, used 13957K [0x00000000c2e00000, 0x0000000100000000)
  region size 1024K, 1 young (1024K), 1 survivors (1024K)
 Metaspace       used 16432K, committed 16640K, reserved 1114112K
  class space    used 1899K, committed 2048K, reserved 1048576K
}
Event: 45.387 GC heap before
{Heap before GC invocations=3 (full 0):
 garbage-first heap   total 63488K, used 40581K [0x00000000c2e00000, 0x0000000100000000)
  region size 1024K, 27 young (27648K), 1 survivors (1024K)
 Metaspace       used 16557K, committed 16832K, reserved 1114112K
  class space    used 1901K, committed 2048K, reserved 1048576K
}
Event: 45.393 GC heap after
{Heap after GC invocations=4 (full 0):
 garbage-first heap   total 63488K, used 17604K [0x00000000c2e00000, 0x0000000100000000)
  region size 1024K, 4 young (4096K), 4 survivors (4096K)
 Metaspace       used 16557K, committed 16832K, reserved 1114112K
  class space    used 1901K, committed 2048K, reserved 1048576K
}
Event: 46.468 GC heap before
{Heap before GC invocations=4 (full 0):
 garbage-first heap   total 63488K, used 43204K [0x00000000c2e00000, 0x0000000100000000)
  region size 1024K, 29 young (29696K), 4 survivors (4096K)
 Metaspace       used 20915K, committed 21056K, reserved 1114112K
  class space    used 2630K, committed 2688K, reserved 1048576K
}
Event: 46.474 GC heap after
{Heap after GC invocations=5 (full 0):
 garbage-first heap   total 63488K, used 19639K [0x00000000c2e00000, 0x0000000100000000)
  region size 1024K, 2 young (2048K), 2 survivors (2048K)
 Metaspace       used 20915K, committed 21056K, reserved 1114112K
  class space    used 2630K, committed 2688K, reserved 1048576K
}
Event: 46.578 GC heap before
{Heap before GC invocations=5 (full 0):
 garbage-first heap   total 63488K, used 21687K [0x00000000c2e00000, 0x0000000100000000)
  region size 1024K, 5 young (5120K), 2 survivors (2048K)
 Metaspace       used 21311K, committed 21504K, reserved 1114112K
  class space    used 2669K, committed 2752K, reserved 1048576K
}
Event: 46.581 GC heap after
{Heap after GC invocations=6 (full 0):
 garbage-first heap   total 63488K, used 19639K [0x00000000c2e00000, 0x0000000100000000)
  region size 1024K, 2 young (2048K), 2 survivors (2048K)
 Metaspace       used 21311K, committed 21504K, reserved 1114112K
  class space    used 2669K, committed 2752K, reserved 1048576K
}

