# JRE version: Java(TM) SE Runtime Environment (17.0.11+7) (build 17.0.11+7-LTS-207)
# Java VM: Java HotSpot(TM) 64-Bit Server VM (17.0.11+7-LTS-207, mixed mode, sharing, tiered, compressed oops, compressed class ptrs, g1 gc, windows-amd64)
GC Precious Log:
 CPUs: 4 total, 4 available
 Memory: 3907M
 Large Page Support: Disabled
 NUMA Support: Disabled
 Compressed Oops: Enabled (32-bit)
 Heap Region Size: 1M
 Heap Min Capacity: 256M
 Heap Initial Capacity: 256M
 Heap Max Capacity: 512M
 Pre-touch: Disabled
 Parallel Workers: 4
 Concurrent Workers: 1
 Concurrent Refinement Workers: 4
 Periodic GC: Disabled
Heap:
 garbage-first heap   total 262144K, used 55111K [0x00000000e0000000, 0x0000000100000000)
  region size 1024K, 15 young (15360K), 8 survivors (8192K)
 Metaspace       used 53646K, committed 54208K, reserved 393216K
  class space    used 7294K, committed 7616K, reserved 327680K
GC Heap History (20 events):
Event: 1.814 GC heap before
{Heap before GC invocations=0 (full 0):
 garbage-first heap   total 262144K, used 12288K [0x00000000e0000000, 0x0000000100000000)
  region size 1024K, 13 young (13312K), 0 survivors (0K)
 Metaspace       used 1005K, committed 1152K, reserved 393216K
  class space    used 74K, committed 128K, reserved 327680K
}
Event: 1.829 GC heap after
{Heap after GC invocations=1 (full 0):
 garbage-first heap   total 262144K, used 2890K [0x00000000e0000000, 0x0000000100000000)
  region size 1024K, 2 young (2048K), 2 survivors (2048K)
 Metaspace       used 1005K, committed 1152K, reserved 393216K
  class space    used 74K, committed 128K, reserved 327680K
}
Event: 4.992 GC heap before
{Heap before GC invocations=1 (full 0):
 garbage-first heap   total 262144K, used 22346K [0x00000000e0000000, 0x0000000100000000)
  region size 1024K, 18 young (18432K), 2 survivors (2048K)
 Metaspace       used 3884K, committed 4032K, reserved 393216K
  class space    used 486K, committed 576K, reserved 327680K
}
Event: 4.999 GC heap after
{Heap after GC invocations=2 (full 0):
 garbage-first heap   total 262144K, used 10874K [0x00000000e0000000, 0x0000000100000000)
  region size 1024K, 3 young (3072K), 3 survivors (3072K)
 Metaspace       used 3884K, committed 4032K, reserved 393216K
  class space    used 486K, committed 576K, reserved 327680K
}
Event: 7.133 GC heap before
{Heap before GC invocations=2 (full 0):
 garbage-first heap   total 262144K, used 33402K [0x00000000e0000000, 0x0000000100000000)
  region size 1024K, 26 young (26624K), 3 survivors (3072K)
 Metaspace       used 4017K, committed 4224K, reserved 393216K
  class space    used 490K, committed 576K, reserved 327680K
}
Event: 7.138 GC heap after
{Heap after GC invocations=3 (full 0):
 garbage-first heap   total 262144K, used 11773K [0x00000000e0000000, 0x0000000100000000)
  region size 1024K, 1 young (1024K), 1 survivors (1024K)
 Metaspace       used 4017K, committed 4224K, reserved 393216K
  class space    used 490K, committed 576K, reserved 327680K
}
Event: 19.959 GC heap before
{Heap before GC invocations=3 (full 0):
 garbage-first heap   total 262144K, used 129533K [0x00000000e0000000, 0x0000000100000000)
  region size 1024K, 116 young (118784K), 1 survivors (1024K)
 Metaspace       used 21231K, committed 21504K, reserved 393216K
  class space    used 3113K, committed 3264K, reserved 327680K
}
Event: 19.982 GC heap after
{Heap after GC invocations=4 (full 0):
 garbage-first heap   total 262144K, used 22874K [0x00000000e0000000, 0x0000000100000000)
  region size 1024K, 12 young (12288K), 12 survivors (12288K)
 Metaspace       used 21231K, committed 21504K, reserved 393216K
  class space    used 3113K, committed 3264K, reserved 327680K
}
Event: 27.253 GC heap before
{Heap before GC invocations=5 (full 0):
 garbage-first heap   total 262144K, used 133466K [0x00000000e0000000, 0x0000000100000000)
  region size 1024K, 117 young (119808K), 12 survivors (12288K)
 Metaspace       used 35618K, committed 35968K, reserved 393216K
  class space    used 4970K, committed 5120K, reserved 327680K
}
Event: 27.300 GC heap after
{Heap after GC invocations=6 (full 0):
 garbage-first heap   total 262144K, used 31050K [0x00000000e0000000, 0x0000000100000000)
  region size 1024K, 9 young (9216K), 9 survivors (9216K)
 Metaspace       used 35618K, committed 35968K, reserved 393216K
  class space    used 4970K, committed 5120K, reserved 327680K
}
Event: 27.470 GC heap before
{Heap before GC invocations=6 (full 0):
 garbage-first heap   total 262144K, used 34122K [0x00000000e0000000, 0x0000000100000000)
  region size 1024K, 12 young (12288K), 9 survivors (9216K)
 Metaspace       used 35929K, committed 36288K, reserved 393216K
  class space    used 5021K, committed 5184K, reserved 327680K
}
Event: 27.492 GC heap after
{Heap after GC invocations=7 (full 0):
 garbage-first heap   total 262144K, used 31299K [0x00000000e0000000, 0x0000000100000000)
  region size 1024K, 1 young (1024K), 1 survivors (1024K)
 Metaspace       used 35929K, committed 36288K, reserved 393216K
  class space    used 5021K, committed 5184K, reserved 327680K
}
Event: 27.492 GC heap before
{Heap before GC invocations=7 (full 0):
 garbage-first heap   total 262144K, used 31299K [0x00000000e0000000, 0x0000000100000000)
  region size 1024K, 2 young (2048K), 1 survivors (1024K)
 Metaspace       used 35929K, committed 36288K, reserved 393216K
  class space    used 5021K, committed 5184K, reserved 327680K
}
Event: 27.496 GC heap after
{Heap after GC invocations=8 (full 0):
 garbage-first heap   total 262144K, used 30641K [0x00000000e0000000, 0x0000000100000000)
  region size 1024K, 1 young (1024K), 1 survivors (1024K)
 Metaspace       used 35929K, committed 36288K, reserved 393216K
  class space    used 5021K, committed 5184K, reserved 327680K
}
Event: 44.964 GC heap before
{Heap before GC invocations=9 (full 0):
 garbage-first heap   total 262144K, used 188337K [0x00000000e0000000, 0x0000000100000000)
  region size 1024K, 153 young (156672K), 1 survivors (1024K)
 Metaspace       used 50162K, committed 50816K, reserved 393216K
  class space    used 7110K, committed 7424K, reserved 327680K
}
Event: 45.004 GC heap after
{Heap after GC invocations=10 (full 0):
 garbage-first heap   total 262144K, used 41488K [0x00000000e0000000, 0x0000000100000000)
  region size 1024K, 11 young (11264K), 11 survivors (11264K)
 Metaspace       used 50162K, committed 50816K, reserved 393216K
  class space    used 7110K, committed 7424K, reserved 327680K
}
Event: 45.332 GC heap before
{Heap before GC invocations=10 (full 0):
 garbage-first heap   total 262144K, used 42512K [0x00000000e0000000, 0x0000000100000000)
  region size 1024K, 12 young (12288K), 11 survivors (11264K)
 Metaspace       used 50282K, committed 50880K, reserved 393216K
  class space    used 7125K, committed 7424K, reserved 327680K
}
Event: 45.370 GC heap after
{Heap after GC invocations=11 (full 0):
 garbage-first heap   total 262144K, used 42631K [0x00000000e0000000, 0x0000000100000000)
  region size 1024K, 2 young (2048K), 2 survivors (2048K)
 Metaspace       used 50282K, committed 50880K, reserved 393216K
  class space    used 7125K, committed 7424K, reserved 327680K
}
Event: 62.571 GC heap before
{Heap before GC invocations=11 (full 0):
 garbage-first heap   total 262144K, used 193159K [0x00000000e0000000, 0x0000000100000000)
  region size 1024K, 150 young (153600K), 2 survivors (2048K)
 Metaspace       used 53590K, committed 54144K, reserved 393216K
  class space    used 7294K, committed 7616K, reserved 327680K
}
Event: 62.599 GC heap after
{Heap after GC invocations=12 (full 0):
 garbage-first heap   total 262144K, used 48967K [0x00000000e0000000, 0x0000000100000000)
  region size 1024K, 8 young (8192K), 8 survivors (8192K)
 Metaspace       used 53590K, committed 54144K, reserved 393216K
  class space    used 7294K, committed 7616K, reserved 327680K
}

