# JRE version: OpenJDK Runtime Environment Temurin-17.0.11+9 (17.0.11+9) (build 17.0.11+9)
# Java VM: OpenJDK 64-Bit Server VM Temurin-17.0.11+9 (17.0.11+9, mixed mode, tiered, compressed oops, compressed class ptrs, g1 gc, windows-amd64)
GC Precious Log:
 CPUs: 4 total, 4 available
 Memory: 3907M
 Large Page Support: Disabled
 NUMA Support: Disabled
 Compressed Oops: Enabled (32-bit)
 Heap Region Size: 1M
 Heap Min Capacity: 8M
 Heap Initial Capacity: 62M
 Heap Max Capacity: 978M
 Pre-touch: Disabled
 Parallel Workers: 4
 Concurrent Workers: 1
 Concurrent Refinement Workers: 4
 Periodic GC: Disabled
Heap:
 garbage-first heap   total 63488K, used 16827K [0x00000000c2e00000, 0x0000000100000000)
  region size 1024K, 5 young (5120K), 3 survivors (3072K)
 Metaspace       used 16642K, committed 16896K, reserved 1114112K
  class space    used 1913K, committed 2048K, reserved 1048576K
GC Heap History (6 events):
Event: 2.668 GC heap before
{Heap before GC invocations=0 (full 0):
 garbage-first heap   total 63488K, used 12288K [0x00000000c2e00000, 0x0000000100000000)
  region size 1024K, 13 young (13312K), 0 survivors (0K)
 Metaspace       used 12660K, committed 12800K, reserved 1114112K
  class space    used 1332K, committed 1408K, reserved 1048576K
}
Event: 2.685 GC heap after
{Heap after GC invocations=1 (full 0):
 garbage-first heap   total 63488K, used 3677K [0x00000000c2e00000, 0x0000000100000000)
  region size 1024K, 2 young (2048K), 2 survivors (2048K)
 Metaspace       used 12660K, committed 12800K, reserved 1114112K
  class space    used 1332K, committed 1408K, reserved 1048576K
}
Event: 3.426 GC heap before
{Heap before GC invocations=1 (full 0):
 garbage-first heap   total 63488K, used 16989K [0x00000000c2e00000, 0x0000000100000000)
  region size 1024K, 12 young (12288K), 2 survivors (2048K)
 Metaspace       used 14188K, committed 14336K, reserved 1114112K
  class space    used 1538K, committed 1600K, reserved 1048576K
}
Event: 3.440 GC heap after
{Heap after GC invocations=2 (full 0):
 garbage-first heap   total 63488K, used 13250K [0x00000000c2e00000, 0x0000000100000000)
  region size 1024K, 2 young (2048K), 2 survivors (2048K)
 Metaspace       used 14188K, committed 14336K, reserved 1114112K
  class space    used 1538K, committed 1600K, reserved 1048576K
}
Event: 5.879 GC heap before
{Heap before GC invocations=2 (full 0):
 garbage-first heap   total 63488K, used 30658K [0x00000000c2e00000, 0x0000000100000000)
  region size 1024K, 20 young (20480K), 2 survivors (2048K)
 Metaspace       used 16417K, committed 16640K, reserved 1114112K
  class space    used 1901K, committed 2048K, reserved 1048576K
}
Event: 5.884 GC heap after
{Heap after GC invocations=3 (full 0):
 garbage-first heap   total 63488K, used 14155K [0x00000000c2e00000, 0x0000000100000000)
  region size 1024K, 1 young (1024K), 1 survivors (1024K)
 Metaspace       used 16417K, committed 16640K, reserved 1114112K
  class space    used 1901K, committed 2048K, reserved 1048576K
}

