# JRE version: Java(TM) SE Runtime Environment (17.0.11+7) (build 17.0.11+7-LTS-207)
# Java VM: Java HotSpot(TM) 64-Bit Server VM (17.0.11+7-LTS-207, mixed mode, sharing, tiered, compressed oops, compressed class ptrs, g1 gc, windows-amd64)
GC Precious Log:
 CPUs: 4 total, 4 available
 Memory: 3907M
 Large Page Support: Disabled
 NUMA Support: Disabled
 Compressed Oops: Enabled (32-bit)
 Heap Region Size: 1M
 Heap Min Capacity: 256M
 Heap Initial Capacity: 256M
 Heap Max Capacity: 512M
 Pre-touch: Disabled
 Parallel Workers: 4
 Concurrent Workers: 1
 Concurrent Refinement Workers: 4
 Periodic GC: Disabled
Heap:
 garbage-first heap   total 262144K, used 173031K [0x00000000e0000000, 0x0000000100000000)
  region size 1024K, 100 young (102400K), 2 survivors (2048K)
 Metaspace       used 59723K, committed 60480K, reserved 393216K
  class space    used 8042K, committed 8448K, reserved 327680K
GC Heap History (20 events):
Event: 187.929 GC heap before
{Heap before GC invocations=13 (full 0):
 garbage-first heap   total 262144K, used 205148K [0x00000000e0000000, 0x0000000100000000)
  region size 1024K, 134 young (137216K), 13 survivors (13312K)
 Metaspace       used 57947K, committed 58560K, reserved 393216K
  class space    used 7926K, committed 8256K, reserved 327680K
}
Event: 187.959 GC heap after
{Heap after GC invocations=14 (full 0):
 garbage-first heap   total 262144K, used 85165K [0x00000000e0000000, 0x0000000100000000)
  region size 1024K, 10 young (10240K), 10 survivors (10240K)
 Metaspace       used 57947K, committed 58560K, reserved 393216K
  class space    used 7926K, committed 8256K, reserved 327680K
}
Event: 210.822 GC heap before
{Heap before GC invocations=14 (full 0):
 garbage-first heap   total 262144K, used 211117K [0x00000000e0000000, 0x0000000100000000)
  region size 1024K, 133 young (136192K), 10 survivors (10240K)
 Metaspace       used 58000K, committed 58688K, reserved 393216K
  class space    used 7936K, committed 8256K, reserved 327680K
}
Event: 210.832 GC heap after
{Heap after GC invocations=15 (full 0):
 garbage-first heap   total 262144K, used 80061K [0x00000000e0000000, 0x0000000100000000)
  region size 1024K, 2 young (2048K), 2 survivors (2048K)
 Metaspace       used 58000K, committed 58688K, reserved 393216K
  class space    used 7936K, committed 8256K, reserved 327680K
}
Event: 218.586 GC heap before
{Heap before GC invocations=15 (full 0):
 garbage-first heap   total 262144K, used 230589K [0x00000000e0000000, 0x0000000100000000)
  region size 1024K, 133 young (136192K), 2 survivors (2048K)
 Metaspace       used 58172K, committed 58816K, reserved 393216K
  class space    used 7957K, committed 8256K, reserved 327680K
}
Event: 218.609 GC heap after
{Heap after GC invocations=16 (full 0):
 garbage-first heap   total 262144K, used 82353K [0x00000000e0000000, 0x0000000100000000)
  region size 1024K, 5 young (5120K), 5 survivors (5120K)
 Metaspace       used 58172K, committed 58816K, reserved 393216K
  class space    used 7957K, committed 8256K, reserved 327680K
}
Event: 229.980 GC heap before
{Heap before GC invocations=16 (full 0):
 garbage-first heap   total 262144K, used 214449K [0x00000000e0000000, 0x0000000100000000)
  region size 1024K, 135 young (138240K), 5 survivors (5120K)
 Metaspace       used 58753K, committed 59456K, reserved 393216K
  class space    used 8001K, committed 8384K, reserved 327680K
}
Event: 230.035 GC heap after
{Heap after GC invocations=17 (full 0):
 garbage-first heap   total 262144K, used 89923K [0x00000000e0000000, 0x0000000100000000)
  region size 1024K, 12 young (12288K), 12 survivors (12288K)
 Metaspace       used 58753K, committed 59456K, reserved 393216K
  class space    used 8001K, committed 8384K, reserved 327680K
}
Event: 281.068 GC heap before
{Heap before GC invocations=17 (full 0):
 garbage-first heap   total 262144K, used 213827K [0x00000000e0000000, 0x0000000100000000)
  region size 1024K, 133 young (136192K), 12 survivors (12288K)
 Metaspace       used 59004K, committed 59776K, reserved 393216K
  class space    used 8007K, committed 8384K, reserved 327680K
}
Event: 281.080 GC heap after
{Heap after GC invocations=18 (full 0):
 garbage-first heap   total 262144K, used 83894K [0x00000000e0000000, 0x0000000100000000)
  region size 1024K, 3 young (3072K), 3 survivors (3072K)
 Metaspace       used 59004K, committed 59776K, reserved 393216K
  class space    used 8007K, committed 8384K, reserved 327680K
}
Event: 372.730 GC heap before
{Heap before GC invocations=18 (full 0):
 garbage-first heap   total 262144K, used 218038K [0x00000000e0000000, 0x0000000100000000)
  region size 1024K, 134 young (137216K), 3 survivors (3072K)
 Metaspace       used 59241K, committed 59968K, reserved 393216K
  class space    used 8027K, committed 8384K, reserved 327680K
}
Event: 372.757 GC heap after
{Heap after GC invocations=19 (full 0):
 garbage-first heap   total 262144K, used 85984K [0x00000000e0000000, 0x0000000100000000)
  region size 1024K, 5 young (5120K), 5 survivors (5120K)
 Metaspace       used 59241K, committed 59968K, reserved 393216K
  class space    used 8027K, committed 8384K, reserved 327680K
}
Event: 390.092 GC heap before
{Heap before GC invocations=19 (full 0):
 garbage-first heap   total 262144K, used 209888K [0x00000000e0000000, 0x0000000100000000)
  region size 1024K, 128 young (131072K), 5 survivors (5120K)
 Metaspace       used 59401K, committed 60096K, reserved 393216K
  class space    used 8030K, committed 8384K, reserved 327680K
}
Event: 390.129 GC heap after
{Heap after GC invocations=20 (full 0):
 garbage-first heap   total 262144K, used 84837K [0x00000000e0000000, 0x0000000100000000)
  region size 1024K, 4 young (4096K), 4 survivors (4096K)
 Metaspace       used 59401K, committed 60096K, reserved 393216K
  class space    used 8030K, committed 8384K, reserved 327680K
}
Event: 397.361 GC heap before
{Heap before GC invocations=21 (full 0):
 garbage-first heap   total 262144K, used 217957K [0x00000000e0000000, 0x0000000100000000)
  region size 1024K, 135 young (138240K), 4 survivors (4096K)
 Metaspace       used 59483K, committed 60224K, reserved 393216K
  class space    used 8030K, committed 8384K, reserved 327680K
}
Event: 397.404 GC heap after
{Heap after GC invocations=22 (full 0):
 garbage-first heap   total 262144K, used 88545K [0x00000000e0000000, 0x0000000100000000)
  region size 1024K, 8 young (8192K), 8 survivors (8192K)
 Metaspace       used 59483K, committed 60224K, reserved 393216K
  class space    used 8030K, committed 8384K, reserved 327680K
}
Event: 485.612 GC heap before
{Heap before GC invocations=22 (full 0):
 garbage-first heap   total 262144K, used 91617K [0x00000000e0000000, 0x0000000100000000)
  region size 1024K, 12 young (12288K), 8 survivors (8192K)
 Metaspace       used 59504K, committed 60224K, reserved 393216K
  class space    used 8030K, committed 8384K, reserved 327680K
}
Event: 485.702 GC heap after
{Heap after GC invocations=23 (full 0):
 garbage-first heap   total 262144K, used 74315K [0x00000000e0000000, 0x0000000100000000)
  region size 1024K, 1 young (1024K), 1 survivors (1024K)
 Metaspace       used 59504K, committed 60224K, reserved 393216K
  class space    used 8030K, committed 8384K, reserved 327680K
}
Event: 5515.843 GC heap before
{Heap before GC invocations=23 (full 0):
 garbage-first heap   total 262144K, used 217675K [0x00000000e0000000, 0x0000000100000000)
  region size 1024K, 142 young (145408K), 1 survivors (1024K)
 Metaspace       used 59687K, committed 60480K, reserved 393216K
  class space    used 8041K, committed 8448K, reserved 327680K
}
Event: 5516.165 GC heap after
{Heap after GC invocations=24 (full 0):
 garbage-first heap   total 262144K, used 74727K [0x00000000e0000000, 0x0000000100000000)
  region size 1024K, 2 young (2048K), 2 survivors (2048K)
 Metaspace       used 59687K, committed 60480K, reserved 393216K
  class space    used 8041K, committed 8448K, reserved 327680K
}

